<?xml version="1.0" encoding="UTF-8"?>
<!-- Generated by org.testng.reporters.JUnitReportReporter -->
<testsuite hostname="Sanket_Bhosale" failures="0" tests="1" name="testNGpack.VerifyPhone" time="55.750" errors="0" timestamp="2023-04-25T07:50:38 IST" skipped="0">
  <testcase classname="testNGpack.VerifyPhone" name="verifyTheProductOnFlipkart" time="55.750"/>
  <system-out/>
</testsuite> <!-- testNGpack.VerifyPhone -->
